<?xml version='1.0' encoding='UTF-8'?>
<testsuite hostname="Pedros-MacBook-Air" name="ProblemsTest" tests="1" errors="0" failures="0" skipped="0" time="0.021" timestamp="2020-09-05T14:48:37">
                     <properties>
[...]
</properties>
                     <testcase classname="ProblemsTest" name="Problem 1 - myLast" time="0.021">
                                                 
                                               </testcase>
                     <system-out><![CDATA[]]></system-out>
                     <system-err><![CDATA[]]></system-err>
                   </testsuite>